0 info it worked if it ends with ok
1 verbose cli [ 'C:\\Program Files\\nodejs\\\\node.exe',
1 verbose cli   'C:\\Program Files\\nodejs\\node_modules\\npm\\bin\\npm-cli.js',
1 verbose cli   'install',
1 verbose cli   'bodyParser' ]
2 info using npm@1.4.28
3 info using node@v0.10.38
4 verbose node symlink C:\Program Files\nodejs\\node.exe
5 warn package.json http@0.0.0 http is also the name of a node core module.
6 warn package.json http@0.0.0 No description
7 warn package.json http@0.0.0 No repository field.
8 warn package.json mongo@0.1.0 No repository field.
9 verbose cache add [ 'bodyParser', null ]
10 verbose cache add name=undefined spec="bodyParser" args=["bodyParser",null]
11 verbose parsed url { protocol: null,
11 verbose parsed url   slashes: null,
11 verbose parsed url   auth: null,
11 verbose parsed url   host: null,
11 verbose parsed url   port: null,
11 verbose parsed url   hostname: null,
11 verbose parsed url   hash: null,
11 verbose parsed url   search: null,
11 verbose parsed url   query: null,
11 verbose parsed url   pathname: 'bodyParser',
11 verbose parsed url   path: 'bodyParser',
11 verbose parsed url   href: 'bodyParser' }
12 silly lockFile caa4c3c7-bodyParser bodyParser
13 verbose lock bodyParser C:\Users\Aishwarya\AppData\Roaming\npm-cache\caa4c3c7-bodyParser.lock
14 silly lockFile caa4c3c7-bodyParser bodyParser
15 silly lockFile caa4c3c7-bodyParser bodyParser
16 verbose addNamed [ 'bodyParser', '' ]
17 verbose addNamed [ null, '*' ]
18 silly lockFile e0b6bd45-bodyParser bodyParser@
19 verbose lock bodyParser@ C:\Users\Aishwarya\AppData\Roaming\npm-cache\e0b6bd45-bodyParser.lock
20 silly addNameRange { name: 'bodyParser', range: '*', hasData: false }
21 verbose request where is /bodyParser
22 verbose request registry https://registry.npmjs.org/
23 verbose request id 01f111c30f1f8fb9
24 verbose url raw /bodyParser
25 verbose url resolving [ 'https://registry.npmjs.org/', './bodyParser' ]
26 verbose url resolved https://registry.npmjs.org/bodyParser
27 verbose request where is https://registry.npmjs.org/bodyParser
28 info trying registry request attempt 1 at 13:12:58
29 http GET https://registry.npmjs.org/bodyParser
30 http 404 https://registry.npmjs.org/bodyParser
31 verbose headers { server: 'CouchDB/1.5.0 (Erlang OTP/R16B03)',
31 verbose headers   'content-type': 'application/json',
31 verbose headers   'cache-control': 'max-age=0',
31 verbose headers   'content-length': '51',
31 verbose headers   'accept-ranges': 'bytes',
31 verbose headers   date: 'Wed, 24 Jun 2015 17:13:02 GMT',
31 verbose headers   via: '1.1 varnish',
31 verbose headers   age: '0',
31 verbose headers   connection: 'keep-alive',
31 verbose headers   'x-served-by': 'cache-iad2139-IAD',
31 verbose headers   'x-cache': 'MISS',
31 verbose headers   'x-cache-hits': '0',
31 verbose headers   'x-timer': 'S1435165982.108964,VS0,VE95' }
32 silly registry.get cb [ 404,
32 silly registry.get   { server: 'CouchDB/1.5.0 (Erlang OTP/R16B03)',
32 silly registry.get     'content-type': 'application/json',
32 silly registry.get     'cache-control': 'max-age=0',
32 silly registry.get     'content-length': '51',
32 silly registry.get     'accept-ranges': 'bytes',
32 silly registry.get     date: 'Wed, 24 Jun 2015 17:13:02 GMT',
32 silly registry.get     via: '1.1 varnish',
32 silly registry.get     age: '0',
32 silly registry.get     connection: 'keep-alive',
32 silly registry.get     'x-served-by': 'cache-iad2139-IAD',
32 silly registry.get     'x-cache': 'MISS',
32 silly registry.get     'x-cache-hits': '0',
32 silly registry.get     'x-timer': 'S1435165982.108964,VS0,VE95' } ]
33 silly lockFile e0b6bd45-bodyParser bodyParser@
34 silly lockFile e0b6bd45-bodyParser bodyParser@
35 error 404 404 Not Found: bodyParser
35 error 404
35 error 404 'bodyParser' is not in the npm registry.
35 error 404 You should bug the author to publish it
35 error 404
35 error 404 Note that you can also install from a
35 error 404 tarball, folder, or http url, or git url.
36 error System Windows_NT 6.2.9200
37 error command "C:\\Program Files\\nodejs\\\\node.exe" "C:\\Program Files\\nodejs\\node_modules\\npm\\bin\\npm-cli.js" "install" "bodyParser"
38 error cwd C:\node projects\apilatlong
39 error node -v v0.10.38
40 error npm -v 1.4.28
41 error code E404
42 verbose exit [ 1, true ]
